<?xml version="1.0" encoding="UTF-8"?>
<!-- Generated by org.testng.reporters.JUnitReportReporter -->
<testsuite hostname="TRUNEXA-00023" failures="0" tests="1" name="AhaAutomation.ActionsClass" time="19.722" errors="0" timestamp="2020-11-11T12:04:50 IST" skipped="0">
  <testcase classname="AhaAutomation.ActionsClass" name="test1" time="19.722"/>
  <system-out/>
</testsuite> <!-- AhaAutomation.ActionsClass -->
